<?xml version="1.0" encoding="UTF-8"?>
<!-- Generated by org.testng.reporters.JUnitReportReporter -->
<testsuite hostname="MdSpectre" failures="0" tests="2" name="test.LoginPageTest" time="41.775" errors="0" timestamp="25 Feb 2024 17:55:33 GMT" skipped="0">
  <testcase classname="test.LoginPageTest" name="loginTest" time="20.717"/>
  <testcase classname="test.LoginPageTest" name="pageTitleTest" time="21.058"/>
</testsuite> <!-- test.LoginPageTest -->
